Arguments: 
  D:\node\node.exe C:\Program Files (x86)\Yarn\bin\yarn.js install --pure-lockfile

PATH: 
  C:\Users\张进\bin;D:\Git\mingw64\bin;D:\Git\usr\local\bin;D:\Git\usr\bin;D:\Git\usr\bin;D:\Git\mingw64\bin;D:\Git\usr\bin;C:\Users\张进\bin;C:\ProgramData\Oracle\Java\javapath;C:\Program Files (x86)\Intel\iCLS Client;C:\Program Files\Intel\iCLS Client;C:\Windows\system32;C:\Windows;C:\Windows\System32\Wbem;C:\Windows\System32\WindowsPowerShell\v1.0;C:\Program Files (x86)\Intel\Intel(R) Management Engine Components\DAL;C:\Program Files\Intel\Intel(R) Management Engine Components\DAL;C:\Program Files (x86)\Intel\Intel(R) Management Engine Components\IPT;C:\Program Files\Intel\Intel(R) Management Engine Components\IPT;C:\Program Files (x86)\NVIDIA Corporation\PhysX\Common;D:\Git\cmd;D:\Git\usr\bin;D:\antlr\Java\jdk1.8.0_121\bin;D:\antlr\Java\jdk1.8.0_121\jre\bin;D:\postgreSql\pg95\bin;D:\pgadmin\pg95\bin;D:\pgadmin\pg96\bin;%CATALINA_HOME%\bin;D:\Maven\apache-maven-3.5.0\bin;D:\matlab\runtime\win64;D:\matlab\bin;D:\node;C:\Program Files\Intel\WiFi\bin;C:\Program Files\Common Files\Intel\WirelessCommon;C:\WINDOWS\system32;C:\WINDOWS;C:\WINDOWS\System32\Wbem;C:\WINDOWS\System32\WindowsPowerShell\v1.0;C:\Program Files (x86)\Yarn\bin;C:\Users\张进\AppData\Local\Programs\Python\Python36-32\Scripts;C:\Users\张进\AppData\Local\Programs\Python\Python36-32;C:\Users\张进\AppData\Local\Microsoft\WindowsApps;D:\wamp\bin\php\php5.5.12;D:\Microsoft VS Code\bin;C:\Users\张进\AppData\Roaming\npm;C:\Users\张进\AppData\Local\Yarn\bin;D:\Git\usr\bin\vendor_perl;D:\Git\usr\bin\core_perl

Yarn version: 
  1.5.1

Node version: 
  8.9.3

Platform: 
  win32 x64

npm manifest: 
  {
    "name": "adhocsqlfrontend",
    "description": "iQIYI adhoc-sql",
    "author": "zhangjin01_sx@qiyi.com",
    "private": true,
    "scripts": {
      "dev": "webpack-dev-server --inline --hot --env.dev --host 0.0.0.0",
      "rimraf": "rimraf",
      "build_prod": "webpack -p --progress=false --hide-modules=false --env.prod",
      "build_test": "webpack -p --progress=false --hide-modules=false --env.test"
    },
    "dependencies": {
      "axios": "^0.17.0",
      "element-ui": "^2.0.1",
      "font-awesome": "^4.7.0",
      "iview": "^2.7.4",
      "moment": "^2.18.1",
      "numeral": "^2.0.6",
      "textarea-caret": "^3.1.0",
      "v-calendar": "^0.4.3",
      "vue": "^2.4.4",
      "vue-at": "^2.3.1",
      "vue-awesome": "^2.3.3",
      "vue-codemirror": "^3.1.6",
      "vue-drag-zone": "^1.2.2",
      "vue-echarts": "^2.6.0",
      "vue-router": "^3.0.1",
      "vuedraggable": "^2.15.0",
      "vuex": "^3.0.0"
    },
    "engines": {
      "node": ">=6"
    },
    "devDependencies": {
      "autoprefixer": "^7.1.4",
      "babel-core": "^6.26.0",
      "babel-loader": "^7.1.2",
      "babel-preset-vue-app": "^1.3.1",
      "css-loader": "^0.28.7",
      "file-loader": "^1.1.5",
      "happypack": "^4.0.0",
      "html-webpack-plugin": "^2.30.1",
      "mini-css-extract-plugin": "^0.4.0",
      "node-sass": "^4.5.3",
      "postcss-loader": "^2.0.8",
      "prettier": "^1.12.0",
      "rimraf": "^2.5.4",
      "sass-loader": "^6.0.6",
      "style-loader": "^0.19.0",
      "url-loader": "^0.6.2",
      "vue-loader": "^13.0.5",
      "vue-template-compiler": "^2.4.4",
      "vue-template-loader": "^0.3.1",
      "webpack": "^3.11.0",
      "webpack-dev-server": "^2.11.2"
    }
  }

yarn manifest: 
  No manifest

Lockfile: 
  No lockfile

Trace: 
  Error: EPERM: operation not permitted, copyfile 'C:\Users\张进\AppData\Local\Yarn\Cache\v1\npm-axios-0.17.1-2d8e3e5d0bdbd7327f91bc814f5c57660f81824d\package.json' -> 'D:\iqiyi\adhocsql-frontend\node_modules\axios\package.json'
